make.exe all --print-data-base --no-builtin-variables --no-builtin-rules --question
make: *** No rule to make target 'all'.  Stop.

# GNU Make 4.3
# Built for Windows32
# Copyright (C) 1988-2020 Free Software Foundation, Inc.
# License GPLv3+: GNU GPL version 3 or later <http://gnu.org/licenses/gpl.html>
# This is free software: you are free to change and redistribute it.
# There is NO WARRANTY, to the extent permitted by law.

# Make data base, printed on Sat May 21 01:05:59 2022

# Variables

# environment
FPS_BROWSER_APP_PROFILE_STRING = Internet Explorer
# environment
SYSTEMDRIVE = C:
# environment
JAVA_HOME = C:\Program Files (x86)\Java\jdk1.8.0_181
# environment
LC_ALL = C
# environment
USERPROFILE = C:\Users\Hemant Gopalsing
# environment
LOCALAPPDATA = C:\Users\Hemant Gopalsing\AppData\Local
# environment
VSCODE_IPC_HOOK_EXTHOST = \\.\pipe\vscode-ipc-106c6619-c49f-4c0e-bc2c-4173665015c7-sock
# environment
VSCODE_CWD = C:\Users\Hemant Gopalsing\AppData\Local\Programs\Microsoft VS Code
# environment
CHOCOLATEYINSTALL = C:\ProgramData\chocolatey
# environment
SYSTEMROOT = C:\WINDOWS
# environment
PROCESSOR_LEVEL = 6
# environment
PSMODULEPATH = C:\Program Files\WindowsPowerShell\Modules;C:\WINDOWS\system32\WindowsPowerShell\v1.0\Modules
# default
MAKE_COMMAND := C:/ProgramData/chocolatey/lib/make/tools/install/bin/make.exe
# automatic
@D = $(patsubst %/,%,$(patsubst %\,%,$(dir $@)))
# environment
CHROME_CRASHPAD_PIPE_NAME = \\.\pipe\crashpad_20584_UHSGSQOEVKYNMEPN
# environment
FPS_BROWSER_USER_PROFILE_STRING = Default
# environment
VSCODE_HANDLES_UNCAUGHT_ERRORS = true
# default
.VARIABLES := 
# automatic
%D = $(patsubst %/,%,$(patsubst %\,%,$(dir $%)))
# automatic
^D = $(patsubst %/,%,$(patsubst %\,%,$(dir $^)))
# environment
VSCODE_LOG_STACK = false
# automatic
%F = $(notdir $%)
# environment
VSCODE_CODE_CACHE_PATH = C:\Users\Hemant Gopalsing\AppData\Roaming\Code\CachedData\da15b6fd3ef856477bf6f4fb29ba1b7af717770d
# environment
LANG = C
# default
.LOADED := 
# environment
TMP = C:\Users\HEMANT~1\AppData\Local\Temp
# default
.INCLUDE_DIRS = .
# environment
CONFIGSETROOT = C:\WINDOWS\ConfigSetRoot
# environment
PROCESSOR_ARCHITEW6432 = AMD64
# makefile
MAKEFLAGS = pqrR
# environment
ONEDRIVE = C:\Users\Hemant Gopalsing\OneDrive
# makefile
CURDIR := c:/OMSCS/Georgia_Tech_CS_Masters
# environment
VSCODE_PIPE_LOGGING = true
# environment
APPLICATION_INSIGHTS_NO_DIAGNOSTIC_CHANNEL = true
# automatic
*D = $(patsubst %/,%,$(patsubst %\,%,$(dir $*)))
# environment
PROGRAMFILES = C:\Program Files (x86)
# environment
MFLAGS = -pqrR
# default
.SHELLFLAGS := -c
# environment
COMMONPROGRAMW6432 = C:\Program Files\Common Files
# automatic
+D = $(patsubst %/,%,$(patsubst %\,%,$(dir $+)))
# makefile
MAKEFILE_LIST := 
# automatic
@F = $(notdir $@)
# environment
VSCODE_VERBOSE_LOGGING = true
# environment
VSCODE_PID = 20584
# automatic
?D = $(patsubst %/,%,$(patsubst %\,%,$(dir $?)))
# environment
MSMPI_BIN = C:\Program Files\Microsoft MPI\Bin\
# automatic
*F = $(notdir $*)
# automatic
<D = $(patsubst %/,%,$(patsubst %\,%,$(dir $<)))
# environment
VSCODE_NLS_CONFIG = {"locale":"en-us","availableLanguages":{},"_languagePackSupport":true}
# environment
ALTAIR_LICENSE_PATH = C:\Users\Hemant Gopalsing\Downloads\altair_lic.dat
# default
MAKE_HOST := Windows32
# environment
PROGRAMDATA = C:\ProgramData
# default
SHELL := sh.exe
# environment
HOMEPATH = \Users\Hemant Gopalsing
# default
MAKECMDGOALS := all
# environment
DRIVERDATA = C:\Windows\System32\Drivers\DriverData
# environment
COMSPEC = C:\WINDOWS\system32\cmd.exe
# environment
WINDIR = C:\WINDOWS
# environment
MAKELEVEL := 0
# default
MAKE = $(MAKE_COMMAND)
# environment
PATH = C:\Program Files (x86)\Common Files\Oracle\Java\javapath;C:\Python27\;C:\Python27\Scripts;C:\Program Files\Microsoft MPI\Bin\;C:\ProgramData\Oracle\Java\javapath;C:\Program Files (x86)\Intel\Intel(R) Management Engine Components\iCLS\;C:\Program Files\Intel\Intel(R) Management Engine Components\iCLS\;C:\WINDOWS\system32;C:\WINDOWS;C:\WINDOWS\System32\Wbem;C:\WINDOWS\System32\WindowsPowerShell\v1.0\;C:\Program Files (x86)\Intel\Intel(R) Management Engine Components\DAL;C:\Program Files\Intel\Intel(R) Management Engine Components\DAL;C:\Program Files (x86)\Intel\Intel(R) Management Engine Components\IPT;C:\Program Files\Intel\Intel(R) Management Engine Components\IPT;C:\Program Files\MATLAB\R2017b\runtime\win64;C:\Program Files\MATLAB\R2017b\bin;C:\CooCox\CoIDE_V2Beta\gcc\bin;C:\CooCox\CoIDE_V2Beta\bin;C:\Program Files\Git\cmd;C:\WINDOWS\System32\OpenSSH\;C:\Program Files\dotnet\;C:\Program Files\Microsoft SQL Server\130\Tools\Binn\;C:\Program Files\nodejs\;C:\Program Files\PuTTY\;C:\Program Files (x86)\STMicroelectronics\STM32 ST-LINK Utility\ST-LINK Utility;C:\ti;C:\Users\Hemant Gopalsing\Desktop\CCS7.2.0.00013_win32\CCS7.2.0.00013_win32;C:\Program Files\Microsoft VS Code\bin;C:\Users\Hemant Gopalsing\AppData\Local\Programs\Python\Python39\;C:\Users\Hemant Gopalsing\AppData\Local\Microsoft\WindowsApps;C:\Users\Hemant Gopalsing\AppData\Local\Programs\Python\Python39;C:\Users\Hemant Gopalsing\AppData\Local\Programs\Python\Python39;C:\MinGW\bin;;C:\ProgramData\chocolatey\bin;C:\Program Files\CMake\bin;C:\Program Files\Docker\Docker\resources\bin;C:\ProgramData\DockerDesktop\version-bin;C:\Users\Hemant Gopalsing\AppData\Local\Programs\Python\Python39\;C:\Users\Hemant Gopalsing\AppData\Local\Microsoft\WindowsApps;C:\Users\Hemant Gopalsing\AppData\Local\Microsoft\WindowsApps;C:\Users\Hemant Gopalsing\AppData\Local\GitHubDesktop\bin;C:\Users\Hemant Gopalsing\AppData\Local\Programs\MiKTeX 2.9\miktex\bin\x64\;C:\Users\Hemant Gopalsing\AppData\Roaming\npm;C:\Users\Hemant Gopalsing\AppData\Local\Programs\MiKTeX 2.92\miktex\bin\x64\;C:\Program Files\Microsoft VS Code\bin;C:\Program Files\JetBrains\PyCharm Community Edition 2020.1\bin;C:\Users\Hemant Gopalsing\AppData\Local\particle\bin;C:\Users\Hemant Gopalsing\AppData\Local\Programs\Python\Python39\Scripts\;C:\Users\Hemant Gopalsing\AppData\Local\Programs\Python\Python39;C:\OpenSSL-Win32\bin;C:\Users\Hemant Gopalsing\AppData\Local\Programs\Microsoft VS Code\bin;C:\Users\Hemant Gopalsing\AppData\Local\gitkraken\bin
# environment
COMPUTERNAME = DESKTOP-NS69RV4
# default
MAKEFILES := 
# automatic
^F = $(notdir $^)
# environment
PROMPT = $P$G
# environment
OPENSSL_CONF = C:\OpenSSL-Win32\bin\openssl.cfg
# environment
CHOCOLATEYLASTPATHUPDATE = 132970162270614929
# environment
LOGONSERVER = \\DESKTOP-NS69RV4
# environment
VSCODE_LOG_NATIVE = false
# environment
USERNAME = Hemant Gopalsing
# environment
COMMONPROGRAMFILES = C:\Program Files (x86)\Common Files
# automatic
?F = $(notdir $?)
# environment
PROGRAMW6432 = C:\Program Files
# environment
PATHEXT = .COM;.EXE;.BAT;.CMD;.VBS;.VBE;.JS;.JSE;.WSF;.WSH;.MSC
# automatic
+F = $(notdir $+)
# environment
ORIGINAL_XDG_CURRENT_DESKTOP = undefined
# environment
USERDOMAIN = DESKTOP-NS69RV4
# 'override' directive
GNUMAKEFLAGS := 
# environment
OS = Windows_NT
# makefile
.DEFAULT_GOAL := 
# default
MAKE_VERSION := 4.3
# environment
PROGRAMFILES(X86) = C:\Program Files (x86)
# environment
USERDOMAIN_ROAMINGPROFILE = DESKTOP-NS69RV4
# environment
NUMBER_OF_PROCESSORS = 8
# environment
PUBLIC = C:\Users\Public
# environment
APPDATA = C:\Users\Hemant Gopalsing\AppData\Roaming
# environment
HOMEDRIVE = C:
# environment
PROCESSOR_ARCHITECTURE = x86
# environment
PYCHARM COMMUNITY EDITION = C:\Program Files\JetBrains\PyCharm Community Edition 2020.1\bin;
# environment
VSCODE_AMD_ENTRYPOINT = vs/workbench/api/node/extensionHostProcess
# environment
COMMONPROGRAMFILES(X86) = C:\Program Files (x86)\Common Files
# environment
ELECTRON_RUN_AS_NODE = 1
# environment
TEMP = C:\Users\HEMANT~1\AppData\Local\Temp
# environment
VSCODE_IPC_HOOK = \\.\pipe\86b3f72d32184762c1a4f9b8f4a8820c-1.67.1-main-sock
# default
.RECIPEPREFIX := 
# automatic
<F = $(notdir $<)
# default
SUFFIXES := 
# environment
ALLUSERSPROFILE = C:\ProgramData
# environment
SESSIONNAME = Console
# default
.FEATURES := target-specific order-only second-expansion else-if shortest-stem undefine oneshell nocomment grouped-target extra-prereqs archives jobserver output-sync load
# environment
PROCESSOR_REVISION = 8e0a
# environment
PROCESSOR_IDENTIFIER = Intel64 Family 6 Model 142 Stepping 10, GenuineIntel
# variable set hash-table stats:
# Load=102/1024=10%, Rehash=0, Collisions=9/126=7%

# Pattern-specific Variable Values

# No pattern-specific variable values.

# Directories

# . (key c:/OMSCS/Georgia_Tech_CS_Masters, mtime 1652914098): 6 files, no impossibilities.

# 6 files, no impossibilities in 1 directories.

# Implicit Rules

# No implicit rules.

# Files

# Not a target:
Makefile:
#  Implicit rule search has been done.
#  File does not exist.
#  File has been updated.
#  Failed to be updated.

# Not a target:
.DEFAULT:
#  Implicit rule search has not been done.
#  Modification time never checked.
#  File has not been updated.

# Not a target:
all:
#  Command line target.
#  Implicit rule search has been done.
#  File does not exist.
#  File has not been updated.

# Not a target:
makefile:
#  Implicit rule search has been done.
#  File does not exist.
#  File has been updated.
#  Failed to be updated.

# Not a target:
makefile.mak:
#  Implicit rule search has been done.
#  File does not exist.
#  File has been updated.
#  Failed to be updated.

# Not a target:
GNUmakefile:
#  Implicit rule search has been done.
#  File does not exist.
#  File has been updated.
#  Failed to be updated.

# files hash-table stats:
# Load=7/1024=1%, Rehash=0, Collisions=0/16=0%
# VPATH Search Paths

# No 'vpath' search paths.

# No gene 
ral ('VPATH' variable) search path.

# strcache buffers: 1 (0) / strings = 13 / storage = 126 B / avg = 9 B
# current buf: size = 8174 B / used = 126 B / count = 13 / avg = 9 B

# strcache performance: lookups = 16 / hit rate = 18%
# hash-table stats:
# Load=13/8192=0%, Rehash=0, Collisions=0/16=0%
# Finished Make data base on Sat May 21 01:05:59 2022

 
